Build started 5/2/2017 12:36:32 PM.
     1>Project "C:\Users\Travis\Google Drive\UMKC spring 2017\CS303\programs\Project3\Project3\Project3.vcxproj" on node 2 (Build target(s)).
     1>ClCompile:
         C:\Program Files (x86)\Microsoft Visual Studio 12.0\VC\bin\CL.exe /c /ZI /nologo /W3 /WX- /sdl /Od /Oy- /D WIN32 /D _DEBUG /D _CONSOLE /D _LIB /D _UNICODE /D UNICODE /Gm /EHsc /RTC1 /MDd /GS /fp:precise /Zc:wchar_t /Zc:forScope /Yu"stdafx.h" /Fp"Debug\Project3.pch" /Fo"Debug\\" /Fd"Debug\vc120.pdb" /Gd /TP /analyze- /errorReport:prompt CodeMap.cpp Project3.cpp
         CodeMap.cpp
     1>c:\users\travis\google drive\umkc spring 2017\cs303\programs\project3\project3\codemap.cpp(21): warning C4018: '<' : signed/unsigned mismatch
     1>c:\users\travis\google drive\umkc spring 2017\cs303\programs\project3\project3\codemap.cpp(33): warning C4018: '<' : signed/unsigned mismatch
     1>c:\users\travis\google drive\umkc spring 2017\cs303\programs\project3\project3\codemap.cpp(44): warning C4018: '<' : signed/unsigned mismatch
     1>c:\users\travis\google drive\umkc spring 2017\cs303\programs\project3\project3\codemap.cpp(54): warning C4018: '<' : signed/unsigned mismatch
     1>c:\users\travis\google drive\umkc spring 2017\cs303\programs\project3\project3\codemap.cpp(58): warning C4018: '<' : signed/unsigned mismatch
     1>c:\users\travis\google drive\umkc spring 2017\cs303\programs\project3\project3\codemap.cpp(67): warning C4018: '<' : signed/unsigned mismatch
     1>c:\users\travis\google drive\umkc spring 2017\cs303\programs\project3\project3\codemap.cpp(99): warning C4018: '<' : signed/unsigned mismatch
     1>c:\users\travis\google drive\umkc spring 2017\cs303\programs\project3\project3\codemap.cpp(109): warning C4018: '<' : signed/unsigned mismatch
     1>c:\users\travis\google drive\umkc spring 2017\cs303\programs\project3\project3\codemap.cpp(113): warning C4018: '<' : signed/unsigned mismatch
         Generating Code...
         Compiling...
         Project3.cpp
         Generating Code...
       Link:
         C:\Program Files (x86)\Microsoft Visual Studio 12.0\VC\bin\link.exe /ERRORREPORT:PROMPT /OUT:"C:\Users\Travis\Google Drive\UMKC spring 2017\CS303\programs\Project3\Debug\Project3.exe" /INCREMENTAL /NOLOGO kernel32.lib user32.lib gdi32.lib winspool.lib comdlg32.lib advapi32.lib shell32.lib ole32.lib oleaut32.lib uuid.lib odbc32.lib odbccp32.lib /MANIFEST /MANIFESTUAC:"level='asInvoker' uiAccess='false'" /manifest:embed /DEBUG /PDB:"C:\Users\Travis\Google Drive\UMKC spring 2017\CS303\programs\Project3\Debug\Project3.pdb" /SUBSYSTEM:CONSOLE /TLBID:1 /DYNAMICBASE /NXCOMPAT /IMPLIB:"C:\Users\Travis\Google Drive\UMKC spring 2017\CS303\programs\Project3\Debug\Project3.lib" /MACHINE:X86 Debug\CodeMap.obj
         Debug\Project3.obj
         Debug\stdafx.obj
         Project3.vcxproj -> C:\Users\Travis\Google Drive\UMKC spring 2017\CS303\programs\Project3\Debug\Project3.exe
     1>Done Building Project "C:\Users\Travis\Google Drive\UMKC spring 2017\CS303\programs\Project3\Project3\Project3.vcxproj" (Build target(s)).

Build succeeded.

Time Elapsed 00:00:13.49
